<?xml version="1.0" encoding="UTF-8"?>
<!-- Generated by org.testng.reporters.JUnitReportReporter -->
<testsuite skipped="0" hostname="HMECD000228" name="basics2" tests="1" failures="0" timestamp="16 Nov 2018 13:54:33 GMT" time="3.690" errors="0">
  <testcase name="postData" time="3.690" classname="basics2"/>
</testsuite> <!-- basics2 -->
